### ISSUE TITLE
Context menu in tray module renders empty on first click, works normally on second click

### ISSUE THREAD

**Issue by time-slayer** [Alexays/Waybar#5285]
**Describe the bug**
When attempting to open an application's context menu from the tray module, the menu opens but appears broken with no visible options inside.
If I open it a second time, the menu renders perfectly fine with all options visible. However, if I restart the tray application, the bug returns and the menu breaks on the first click again.

**To reproduce**
1. Start Waybar with the tray module enabled.
2. Launch an application that uses a tray icon.
3. Right click tray icon to open its context menu. Observe that the menu is broken.
4. Close the menu and click it a second time. Observe that it now renders correctly.

```jsonc
{
    "layer": "top",
    "modules-right": ["tray"],
    "tray": {
        "spacing": 10
    }
}
```

**Expected behaviour**
The context menu should render at full size with all options visible.

**Screenshots**
`nm-applet`
<img width="100" height="39" alt="Image" src="https://github.com/user-attachments/assets/dcbaa0d9-eed1-40d0-84e5-3fa7465c6c89" />
`telegram-desktop`
<img width="93" height="46" alt="Image" src="https://github.com/user-attachments/assets/6d3d8e34-d150-4f20-9f29-aa8f94cf4070" />

**Environment**
- Waybar v0.15.0-1004-g6d60c8e0 (branch 'master')
- AUR `waybar-git` 
- Hyprland 0.56.2

**Debug output**
Run `waybar -l debug` and paste any relevant output:

```
(waybar:26688): LIBDBUSMENU-GLIB-CRITICAL **: 16:38:40.314: dbusmenu_menuitem_send_about_to_show: assertion 'DBUSMENU_IS_MENUITEM(mi)' failed
*** BUG ***
In pixman_region32_init_rect: Invalid rectangle passed
Set a breakpoint on '_pixman_log_error' to debug

*** BUG ***
In pixman_region32_init_rect: Invalid rectangle passed
Set a breakpoint on '_pixman_log_error' to debug

*** BUG ***
In pixman_region32_init_rect: Invalid rectangle passed
Set a breakpoint on '_pixman_log_error' to debug
```

**Comment by AsmArtisan256** [comment]
I confirm, I am having the same problem.

**Comment by awsms** [comment]
regression caused by b58018bc64ad3248149afc1c959ecf69c3173901 (which had previously been fixed by 01ad3d96 lmao).
fix:
```
diff --git a/src/modules/sni/item.cpp b/src/modules/sni/item.cpp
index 55f2d37e..52b46ad9 100644
--- a/src/modules/sni/item.cpp
+++ b/src/modules/sni/item.cpp
@@ -593,6 +593,9 @@ void Item::menuProbeReady(Glib::RefPtr<Gio::AsyncResult>& result, const std::str
   try {
     proxy_->get_connection()->call_finish(result);
     has_dbus_menu_ = true;
+    // Dbusmenu synchronizes its layout asynchronously. Create the GTK menu as soon as the probe
+    // succeeds so it has time to populate before the first click.
+    makeMenu();
   } catch (const Glib::Error&) {
   }
 }
```
but the better would be to revert it entirely idk

**Comment by Motaphe** [comment]
Same here, traced it to the same commit.

Worth noting it is a re-regression: 01ad3d96 fixed this exact assertion back in 2019, and b58018bc removed the `makeMenu()` call it added.

Opened #5293 with your diff, credited you as co-author. I flagged your revert suggestion there too so Alexays can pick between them.

Running it on 6d60c8e0 now. First-click menus work and the log is clean.

**Comment by MoeMonsuta** [comment]
Same problem here, I tried the gdb check as it suggested (used AI assistance since I'm just a layman. If this doesn't help anything, I apologize and I will delete this post immediately.) 

Nice to know I can just downgrade to a working commit though! I thought my config was broken and wasted the entire afternoon, then I discovered this bug. 

I'm using MangoWM on commit https://github.com/Alexays/Waybar/commit/6d60c8e02be67bb85bb9b1ea803f2fbcf0722002 

**Update**: Bug is **confirmed not present** in commit [083ee358](https://github.com/Alexays/Waybar/commit/083ee358a50489ac3aa42286606371304ca45e7b)

Results here:

```
(gdb) info breakpoints
Num     Type           Disp Enb Address    What
1       breakpoint     keep y   <PENDING>  _pixman_log_error
(gdb) continue
Continuing.
[Detaching after fork from child process 202486]
[New Thread 0x7fffeddfc6c0 (LWP 202733)]

(waybar:196226): LIBDBUSMENU-GLIB-CRITICAL **: 18:04:04.826: dbusmenu_menuitem_send_about_to_show: assertion 'DBUSMENU_IS_MENUITEM(mi)' failed
[Detaching after fork from child process 202734]
*** BUG ***
In pixman_region32_init_rect: Invalid rectangle passed
Set a breakpoint on '_pixman_log_error' to debug

*** BUG ***
In pixman_region32_init_rect: Invalid rectangle passed
Set a breakpoint on '_pixman_log_error' to debug

*** BUG ***
In pixman_region32_init_rect: Invalid rectangle passed
Set a breakpoint on '_pixman_log_error' to debug
[Detaching after fork from child process 202781]
^C
Thread 1 "waybar" received signal SIGINT, Interrupt.
0x00007ffff5ab3782 in ?? () from /usr/lib64/libc.so.6
(gdb) bt full
#0  0x00007ffff5ab3782 in ??? () at /usr/lib64/libc.so.6
#1  0x00007ffff5aa6fc8 in ??? () at /usr/lib64/libc.so.6
#2  0x00007ffff5b48bc3 in ppoll () at /usr/lib64/libc.so.6
#3  0x00007ffff68ecc68 in ??? () at /usr/lib64/libglib-2.0.so.0
#4  0x00007ffff68ed5e0 in g_main_context_iteration () at /usr/lib64/libglib-2.0.so.0
#5  0x00007ffff6701ced in g_application_run () at /usr/lib64/libgio-2.0.so.0
#6  0x000055555560c854 in ??? ()
#7  0x00005555556081a5 in main ()
(gdb) break pixman_region32_init_rect
Breakpoint 2 at 0x7ffff4b2b8f0
(gdb) info breakpoints
Num     Type           Disp Enb Address            What
1       breakpoint     keep y   <PENDING>          _pixman_log_error
2       breakpoint     keep y   0x00007ffff4b2b8f0 <pixman_region32_init_rect>
(gdb) condition 2 $rcx <= 0 || $r8 <= 0
(gdb) continue
Continuing.
[Detaching after fork from child process 206750]
[Thread 0x7fffeddfc6c0 (LWP 202733) exited]
[New Thread 0x7fffeddfc6c0 (LWP 207128)]

(waybar:196226): LIBDBUSMENU-GLIB-CRITICAL **: 18:06:15.170: dbusmenu_menuitem_send_about_to_show: assertion 'DBUSMENU_IS_MENUITEM(mi)' failed

Thread 1 "waybar" hit Breakpoint 2, 0x00007ffff4b2b8f0 in pixman_region32_init_rect () from /usr/lib64/libpixman-1.so.0
(gdb) bt full
#0  0x00007ffff4b2b8f0 in pixman_region32_init_rect () at /usr/lib64/libpixman-1.so.0
#1  0x00007ffff5873031 in cairo_region_create_rectangle () at /usr/lib64/libcairo.so.2
#2  0x00007ffff76edca6 in gdk_window_invalidate_rect () at /usr/lib64/libgdk-3.so.0
#3  0x00007ffff6acc000 in ??? () at /usr/lib64/libgtk-3.so.0
#4  0x00007ffff6b30723 in ??? () at /usr/lib64/libgtk-3.so.0
#5  0x00007ffff7305be1 in g_closure_invoke () at /usr/lib64/libgobject-2.0.so.0
#6  0x00007ffff7320825 in ??? () at /usr/lib64/libgobject-2.0.so.0
#7  0x00007ffff73232ff in ??? () at /usr/lib64/libgobject-2.0.so.0
#8  0x00007ffff732cd88 in g_signal_emit_valist () at /usr/lib64/libgobject-2.0.so.0
#9  0x00007ffff732ce4b in g_signal_emit () at /usr/lib64/libgobject-2.0.so.0
#10 0x00007ffff6e080b3 in gtk_widget_map () at /usr/lib64/libgtk-3.so.0
#11 0x00007ffff6b30723 in ??? () at /usr/lib64/libgtk-3.so.0
#12 0x00007ffff6c69802 in ??? () at /usr/lib64/libgtk-3.so.0
#13 0x00007ffff7305cc3 in g_closure_invoke () at /usr/lib64/libgobject-2.0.so.0
#14 0x00007ffff7320825 in ??? () at /usr/lib64/libgobject-2.0.so.0
#15 0x00007ffff73232ff in ??? () at /usr/lib64/libgobject-2.0.so.0
#16 0x00007ffff732cd88 in g_signal_emit_valist () at /usr/lib64/libgobject-2.0.so.0
#17 0x00007ffff732ce4b in g_signal_emit () at /usr/lib64/libgobject-2.0.so.0
#18 0x00007ffff6e080b3 in gtk_widget_map () at /usr/lib64/libgtk-3.so.0
#19 0x00007ffff6e0c62a in gtk_widget_set_parent () at /usr/lib64/libgtk-3.so.0
#20 0x00007ffff6c5935a in ??? () at /usr/lib64/libgtk-3.so.0
#21 0x00007ffff6a8c4a3 in ??? () at /usr/lib64/libgtk-3.so.0
#22 0x00007ffff7305f97 in ??? () at /usr/lib64/libgobject-2.0.so.0
#23 0x00007ffff7323494 in ??? () at /usr/lib64/libgobject-2.0.so.0
#24 0x00007ffff732cd88 in g_signal_emit_valist () at /usr/lib64/libgobject-2.0.so.0
#25 0x00007ffff732ce4b in g_signal_emit () at /usr/lib64/libgobject-2.0.so.0
#26 0x00007ffff7e021ed in ??? () at /usr/lib64/libdbusmenu-gtk3.so.4
#27 0x00007ffff7305cc3 in g_closure_invoke () at /usr/lib64/libgobject-2.0.so.0
#28 0x00007ffff73206f0 in ??? () at /usr/lib64/libgobject-2.0.so.0
#29 0x00007ffff73232ff in ??? () at /usr/lib64/libgobject-2.0.so.0
#30 0x00007ffff732cd88 in g_signal_emit_valist () at /usr/lib64/libgobject-2.0.so.0
#31 0x00007ffff732ce4b in g_signal_emit () at /usr/lib64/libgobject-2.0.so.0
#32 0x00007ffff50a8b45 in ??? () at /usr/lib64/libdbusmenu-glib.so.4
#33 0x00007ffff50a79cd in ??? () at /usr/lib64/libdbusmenu-glib.so.4
#34 0x00007ffff66c8e0a in ??? () at /usr/lib64/libgio-2.0.so.0
#35 0x00007ffff674844b in ??? () at /usr/lib64/libgio-2.0.so.0
#36 0x00007ffff66c8e0a in ??? () at /usr/lib64/libgio-2.0.so.0
#37 0x00007ffff6738dc2 in ??? () at /usr/lib64/libgio-2.0.so.0
#38 0x00007ffff66c8267 in ??? () at /usr/lib64/libgio-2.0.so.0
#39 0x00007ffff68e8a3c in ??? () at /usr/lib64/libglib-2.0.so.0
#40 0x00007ffff68ecc18 in ??? () at /usr/lib64/libglib-2.0.so.0
#41 0x00007ffff68ed5e0 in g_main_context_iteration () at /usr/lib64/libglib-2.0.so.0
#42 0x00007ffff6701ced in g_application_run () at /usr/lib64/libgio-2.0.so.0
#43 0x000055555560c854 in ??? ()
#44 0x00005555556081a5 in main ()
(gdb) info registers rcx r8
rcx            0x0                 0
r8             0x0                 0
(gdb) p/d $rcx
$1 = 0
(gdb) p/d $r8
$2 = 0
(gdb) continue
Continuing.
[2026-09-08 18:08:34.676] [info] Mango IPC socket closed or invalid
[2026-09-08 18:08:34.676] [warning] Mango IPC: event stream closed, reconnecting
[Detaching after fork from child process 212263]

Thread 1 "waybar" hit Breakpoint 2, 0x00007ffff4b2b8f0 in pixman_region32_init_rect () from /usr/lib64/libpixman-1.so.0
(gdb) bt full
#0  0x00007ffff4b2b8f0 in pixman_region32_init_rect () at /usr/lib64/libpixman-1.so.0
#1  0x00007ffff5873031 in cairo_region_create_rectangle () at /usr/lib64/libcairo.so.2
#2  0x00007ffff76edca6 in gdk_window_invalidate_rect () at /usr/lib64/libgdk-3.so.0
#3  0x00007ffff6acc049 in ??? () at /usr/lib64/libgtk-3.so.0
#4  0x00007ffff6b30723 in ??? () at /usr/lib64/libgtk-3.so.0
#5  0x00007ffff7305be1 in g_closure_invoke () at /usr/lib64/libgobject-2.0.so.0
#6  0x00007ffff7320825 in ??? () at /usr/lib64/libgobject-2.0.so.0
#7  0x00007ffff73232ff in ??? () at /usr/lib64/libgobject-2.0.so.0
#8  0x00007ffff732cd88 in g_signal_emit_valist () at /usr/lib64/libgobject-2.0.so.0
#9  0x00007ffff732ce4b in g_signal_emit () at /usr/lib64/libgobject-2.0.so.0
#10 0x00007ffff6e080b3 in gtk_widget_map () at /usr/lib64/libgtk-3.so.0
#11 0x00007ffff6b30723 in ??? () at /usr/lib64/libgtk-3.so.0
#12 0x00007ffff6c69802 in ??? () at /usr/lib64/libgtk-3.so.0
#13 0x00007ffff7305cc3 in g_closure_invoke () at /usr/lib64/libgobject-2.0.so.0
#14 0x00007ffff7320825 in ??? () at /usr/lib64/libgobject-2.0.so.0
#15 0x00007ffff73232ff in ??? () at /usr/lib64/libgobject-2.0.so.0
#16 0x00007ffff732cd88 in g_signal_emit_valist () at /usr/lib64/libgobject-2.0.so.0
#17 0x00007ffff732ce4b in g_signal_emit () at /usr/lib64/libgobject-2.0.so.0
#18 0x00007ffff6e080b3 in gtk_widget_map () at /usr/lib64/libgtk-3.so.0
#19 0x00007ffff6e0c62a in gtk_widget_set_parent () at /usr/lib64/libgtk-3.so.0
#20 0x00007ffff6c5935a in ??? () at /usr/lib64/libgtk-3.so.0
#21 0x00007ffff6a8c4a3 in ??? () at /usr/lib64/libgtk-3.so.0
#22 0x00007ffff7305f97 in ??? () at /usr/lib64/libgobject-2.0.so.0
#23 0x00007ffff7323494 in ??? () at /usr/lib64/libgobject-2.0.so.0
#24 0x00007ffff732cd88 in g_signal_emit_valist () at /usr/lib64/libgobject-2.0.so.0
#25 0x00007ffff732ce4b in g_signal_emit () at /usr/lib64/libgobject-2.0.so.0
#26 0x00007ffff7e021ed in ??? () at /usr/lib64/libdbusmenu-gtk3.so.4
#27 0x00007ffff7305cc3 in g_closure_invoke () at /usr/lib64/libgobject-2.0.so.0
#28 0x00007ffff73206f0 in ??? () at /usr/lib64/libgobject-2.0.so.0
#29 0x00007ffff73232ff in ??? () at /usr/lib64/libgobject-2.0.so.0
#30 0x00007ffff732cd88 in g_signal_emit_valist () at /usr/lib64/libgobject-2.0.so.0
#31 0x00007ffff732ce4b in g_signal_emit () at /usr/lib64/libgobject-2.0.so.0
#32 0x00007ffff50a8b45 in ??? () at /usr/lib64/libdbusmenu-glib.so.4
#33 0x00007ffff50a79cd in ??? () at /usr/lib64/libdbusmenu-glib.so.4
#34 0x00007ffff66c8e0a in ??? () at /usr/lib64/libgio-2.0.so.0
#35 0x00007ffff674844b in ??? () at /usr/lib64/libgio-2.0.so.0
#36 0x00007ffff66c8e0a in ??? () at /usr/lib64/libgio-2.0.so.0
#37 0x00007ffff6738dc2 in ??? () at /usr/lib64/libgio-2.0.so.0
#38 0x00007ffff66c8267 in ??? () at /usr/lib64/libgio-2.0.so.0
#39 0x00007ffff68e8a3c in ??? () at /usr/lib64/libglib-2.0.so.0
#40 0x00007ffff68ecc18 in ??? () at /usr/lib64/libglib-2.0.so.0
#41 0x00007ffff68ed5e0 in g_main_context_iteration () at /usr/lib64/libglib-2.0.so.0
#42 0x00007ffff6701ced in g_application_run () at /usr/lib64/libgio-2.0.so.0
#43 0x000055555560c854 in ??? ()
#44 0x00005555556081a5 in main ()
(gdb) thread apply all bt 20

Thread 19 (Thread 0x7fffeddfc6c0 (LWP 207128) "pool-3"):
#0  0x00007ffff5b559ad in syscall () at /usr/lib64/libc.so.6
#1  0x00007ffff692cf81 in g_cond_wait_until () at /usr/lib64/libglib-2.0.so.0
#2  0x00007ffff68a8367 in ??? () at /usr/lib64/libglib-2.0.so.0
#3  0x00007ffff68a8b45 in g_async_queue_timeout_pop () at /usr/lib64/libglib-2.0.so.0
#4  0x00007ffff692d840 in ??? () at /usr/lib64/libglib-2.0.so.0
#5  0x00007ffff692d230 in ??? () at /usr/lib64/libglib-2.0.so.0
#6  0x00007ffff5aaab1e in ??? () at /usr/lib64/libc.so.6
#7  0x00007ffff5b5851c in ??? () at /usr/lib64/libc.so.6

Thread 17 (Thread 0x7fffaeffe6c0 (LWP 196285) "waybar"):
#0  0x00007ffff5aa6f6a in ??? () at /usr/lib64/libc.so.6
#1  0x00007ffff5aa7303 in ??? () at /usr/lib64/libc.so.6
#2  0x00007ffff5aaa453 in pthread_cond_clockwait () at /usr/lib64/libc.so.6
#3  0x00005555558d179a in ??? ()
#4  0x000055555568aba9 in ??? ()
#5  0x00007ffff5f01256 in ??? () at /usr/lib/gcc/x86_64-pc-linux-gnu/16/libstdc++.so.6
#6  0x00007ffff5aaab1e in ??? () at /usr/lib64/libc.so.6
#7  0x00007ffff5b5851c in ??? () at /usr/lib64/libc.so.6

Thread 16 (Thread 0x7fffaffff6c0 (LWP 196284) "threaded-ml"):
#0  0x00007ffff5ab3782 in ??? () at /usr/lib64/libc.so.6
#1  0x00007ffff5aa6fc8 in ??? () at /usr/lib64/libc.so.6
#2  0x00007ffff5b4849a in poll () at /usr/lib64/libc.so.6
#3  0x00007ffff7297d75 in ??? () at /usr/lib64/libpulse.so.0
#4  0x00007ffff72882d5 in pa_mainloop_poll () at /usr/lib64/libpulse.so.0
#5  0x00007ffff7288a5d in pa_mainloop_iterate () at /usr/lib64/libpulse.so.0
#6  0x00007ffff7288b10 in pa_mainloop_run () at /usr/lib64/libpulse.so.0
#7  0x00007ffff7297cb2 in ??? () at /usr/lib64/libpulse.so.0
#8  0x00007ffff506c6d3 in ??? () at /usr/lib64/pulseaudio/libpulsecommon-17.0.so
#9  0x00007ffff5aaab1e in ??? () at /usr/lib64/libc.so.6
#10 0x00007ffff5b5851c in ??? () at /usr/lib64/libc.so.6

Thread 14 (Thread 0x7fffbaffe6c0 (LWP 196267) "waybar"):
#0  0x00007ffff5aa6f6a in ??? () at /usr/lib64/libc.so.6
#1  0x00007ffff5aa7303 in ??? () at /usr/lib64/libc.so.6
#2  0x00007ffff5aaa453 in pthread_cond_clockwait () at /usr/lib64/libc.so.6
#3  0x0000555555749912 in ??? ()
#4  0x000055555568aba9 in ??? ()
#5  0x00007ffff5f01256 in ??? () at /usr/lib/gcc/x86_64-pc-linux-gnu/16/libstdc++.so.6
#6  0x00007ffff5aaab1e in ??? () at /usr/lib64/libc.so.6
#7  0x00007ffff5b5851c in ??? () at /usr/lib64/libc.so.6

Thread 13 (Thread 0x7fffbbfff6c0 (LWP 196265) "waybar"):
#0  0x00007ffff5aa6f6a in ??? () at /usr/lib64/libc.so.6
#1  0x00007ffff5aa7303 in ??? () at /usr/lib64/libc.so.6
#2  0x00007ffff5aaa453 in pthread_cond_clockwait () at /usr/lib64/libc.so.6
#3  0x00005555556b3b02 in ??? ()
#4  0x000055555568aba9 in ??? ()
#5  0x00007ffff5f01256 in ??? () at /usr/lib/gcc/x86_64-pc-linux-gnu/16/libstdc++.so.6
#6  0x00007ffff5aaab1e in ??? () at /usr/lib64/libc.so.6
#7  0x00007ffff5b5851c in ??? () at /usr/lib64/libc.so.6

Thread 12 (Thread 0x7fffc9ffd6c0 (LWP 196264) "waybar"):
#0  0x00007ffff5ab3782 in ??? () at /usr/lib64/libc.so.6
#1  0x00007ffff5aa6fc8 in ??? () at /usr/lib64/libc.so.6
#2  0x00007ffff5b48bfa in read () at /usr/lib64/libc.so.6
#3  0x00007ffff5aa0856 in _IO_file_underflow () at /usr/lib64/libc.so.6
#4  0x00007ffff5aa3abf in _IO_default_uflow () at /usr/lib64/libc.so.6
#5  0x00007ffff5a93a36 in _IO_getline_info () at /usr/lib64/libc.so.6
#6  0x00007ffff5a92517 in fgets () at /usr/lib64/libc.so.6
#7  0x000055555568bd00 in ??? ()
#8  0x0000555555686427 in ??? ()
#9  0x000055555568aba9 in ??? ()
#10 0x00007ffff5f01256 in ??? () at /usr/lib/gcc/x86_64-pc-linux-gnu/16/libstdc++.so.6
#11 0x00007ffff5aaab1e in ??? () at /usr/lib64/libc.so.6
#12 0x00007ffff5b5851c in ??? () at /usr/lib64/libc.so.6

Thread 11 (Thread 0x7fffcaffe6c0 (LWP 196262) "waybar"):
#0  0x00007ffff5ab3782 in ??? () at /usr/lib64/libc.so.6
#1  0x00007ffff5aa6fc8 in ??? () at /usr/lib64/libc.so.6
#2  0x00007ffff5b48bfa in read () at /usr/lib64/libc.so.6
#3  0x00007ffff5aa0856 in _IO_file_underflow () at /usr/lib64/libc.so.6
#4  0x00007ffff5aa3abf in _IO_default_uflow () at /usr/lib64/libc.so.6
#5  0x00007ffff5a93a36 in _IO_getline_info () at /usr/lib64/libc.so.6
#6  0x00007ffff5a92517 in fgets () at /usr/lib64/libc.so.6
#7  0x000055555568bd00 in ??? ()
#8  0x0000555555686427 in ??? ()
#9  0x000055555568aba9 in ??? ()
#10 0x00007ffff5f01256 in ??? () at /usr/lib/gcc/x86_64-pc-linux-gnu/16/libstdc++.so.6
#11 0x00007ffff5aaab1e in ??? () at /usr/lib64/libc.so.6
#12 0x00007ffff5b5851c in ??? () at /usr/lib64/libc.so.6

Thread 10 (Thread 0x7fffcbfff6c0 (LWP 196260) "waybar"):
#0  0x00007ffff5aa6f6a in ??? () at /usr/lib64/libc.so.6
#1  0x00007ffff5aa7303 in ??? () at /usr/lib64/libc.so.6
#2  0x00007ffff5aaa453 in pthread_cond_clockwait () at /usr/lib64/libc.so.6
#3  0x0000555555686382 in ??? ()
#4  0x000055555568aba9 in ??? ()
#5  0x00007ffff5f01256 in ??? () at /usr/lib/gcc/x86_64-pc-linux-gnu/16/libstdc++.so.6
#6  0x00007ffff5aaab1e in ??? () at /usr/lib64/libc.so.6
#7  0x00007ffff5b5851c in ??? () at /usr/lib64/libc.so.6

Thread 9 (Thread 0x7fffddffd6c0 (LWP 196259) "waybar"):
#0  0x00007ffff5ab3782 in ??? () at /usr/lib64/libc.so.6
#1  0x00007ffff5aa6f38 in ??? () at /usr/lib64/libc.so.6
#2  0x00007ffff5b0f44e in clock_nanosleep () at /usr/lib64/libc.so.6
#3  0x00007ffff5b1f977 in nanosleep () at /usr/lib64/libc.so.6
#4  0x00005555558320dd in ??? ()
#5  0x00007ffff5f01256 in ??? () at /usr/lib/gcc/x86_64-pc-linux-gnu/16/libstdc++.so.6
#6  0x00007ffff5aaab1e in ??? () at /usr/lib64/libc.so.6
#7  0x00007ffff5b5851c in ??? () at /usr/lib64/libc.so.6

Thread 8 (Thread 0x7fffdeffe6c0 (LWP 196247) "dconf worker"):
#0  0x00007ffff5ab3782 in ??? () at /usr/lib64/libc.so.6
#1  0x00007ffff5aa6fc8 in ??? () at /usr/lib64/libc.so.6
#2  0x00007ffff5b48bc3 in ppoll () at /usr/lib64/libc.so.6
#3  0x00007ffff68ecc68 in ??? () at /usr/lib64/libglib-2.0.so.0
#4  0x00007ffff68ed5e0 in g_main_context_iteration () at /usr/lib64/libglib-2.0.so.0
#5  0x00007ffff7f94f8d in ??? () at /usr/lib64/gio/modules/libdconfsettings.so
#6  0x00007ffff692d230 in ??? () at /usr/lib64/libglib-2.0.so.0
#7  0x00007ffff5aaab1e in ??? () at /usr/lib64/libc.so.6
#8  0x00007ffff5b5851c in ??? () at /usr/lib64/libc.so.6

Thread 7 (Thread 0x7fffdffff6c0 (LWP 196246) "gdbus"):
#0  0x00007ffff5ab3782 in ??? () at /usr/lib64/libc.so.6
#1  0x00007ffff5aa6fc8 in ??? () at /usr/lib64/libc.so.6
#2  0x00007ffff5b48bc3 in ppoll () at /usr/lib64/libc.so.6
#3  0x00007ffff68ecc68 in ??? () at /usr/lib64/libglib-2.0.so.0
#4  0x00007ffff68ed907 in g_main_loop_run () at /usr/lib64/libglib-2.0.so.0
#5  0x00007ffff674b11a in ??? () at /usr/lib64/libgio-2.0.so.0
#6  0x00007ffff692d230 in ??? () at /usr/lib64/libglib-2.0.so.0
#7  0x00007ffff5aaab1e in ??? () at /usr/lib64/libc.so.6
#8  0x00007ffff5b5851c in ??? () at /usr/lib64/libc.so.6

Thread 5 (Thread 0x7fffeedfd6c0 (LWP 196244) "gmain"):
#0  0x00007ffff5ab3782 in ??? () at /usr/lib64/libc.so.6
#1  0x00007ffff5aa6fc8 in ??? () at /usr/lib64/libc.so.6
#2  0x00007ffff5b48bc3 in ppoll () at /usr/lib64/libc.so.6
#3  0x00007ffff68ecc68 in ??? () at /usr/lib64/libglib-2.0.so.0
#4  0x00007ffff68ed5e0 in g_main_context_iteration () at /usr/lib64/libglib-2.0.so.0
#5  0x00007ffff68ed631 in ??? () at /usr/lib64/libglib-2.0.so.0
#6  0x00007ffff692d230 in ??? () at /usr/lib64/libglib-2.0.so.0
#7  0x00007ffff5aaab1e in ??? () at /usr/lib64/libc.so.6
#8  0x00007ffff5b5851c in ??? () at /usr/lib64/libc.so.6

Thread 4 (Thread 0x7fffefdfe6c0 (LWP 196243) "pool-spawner"):
#0  0x00007ffff5b559ad in syscall () at /usr/lib64/libc.so.6
#1  0x00007ffff692caa2 in g_cond_wait () at /usr/lib64/libglib-2.0.so.0
#2  0x00007ffff68a8a1c in g_async_queue_pop_unlocked () at /usr/lib64/libglib-2.0.so.0
#3  0x00007ffff692d516 in ??? () at /usr/lib64/libglib-2.0.so.0
#4  0x00007ffff692d230 in ??? () at /usr/lib64/libglib-2.0.so.0
#5  0x00007ffff5aaab1e in ??? () at /usr/lib64/libc.so.6
#6  0x00007ffff5b5851c in ??? () at /usr/lib64/libc.so.6

Thread 3 (Thread 0x7ffff0dff6c0 (LWP 196242) "[pango] fontcon"):
#0  0x00007ffff5b559ad in syscall () at /usr/lib64/libc.so.6
#1  0x00007ffff692caa2 in g_cond_wait () at /usr/lib64/libglib-2.0.so.0
#2  0x00007ffff68a893c in g_async_queue_pop () at /usr/lib64/libglib-2.0.so.0
#3  0x00007ffff5c6c0a0 in ??? () at /usr/lib64/libpangoft2-1.0.so.0
#4  0x00007ffff692d230 in ??? () at /usr/lib64/libglib-2.0.so.0
#5  0x00007ffff5aaab1e in ??? () at /usr/lib64/libc.so.6
#6  0x00007ffff5b5851c in ??? () at /usr/lib64/libc.so.6

Thread 2 (Thread 0x7ffff21066c0 (LWP 196239) "waybar"):
#0  0x00007ffff5ab3782 in ??? () at /usr/lib64/libc.so.6
#1  0x00007ffff5aa6fc8 in ??? () at /usr/lib64/libc.so.6
#2  0x00007ffff5b48bfa in read () at /usr/lib64/libc.so.6
#3  0x00005555556cb789 in ??? ()
#4  0x00007ffff5f01256 in ??? () at /usr/lib/gcc/x86_64-pc-linux-gnu/16/libstdc++.so.6
#5  0x00007ffff5aaab1e in ??? () at /usr/lib64/libc.so.6
#6  0x00007ffff5b5851c in ??? () at /usr/lib64/libc.so.6

Thread 1 (Thread 0x7ffff469fa40 (LWP 196226) "waybar"):
#0  0x00007ffff4b2b8f0 in pixman_region32_init_rect () at /usr/lib64/libpixman-1.so.0
#1  0x00007ffff5873031 in cairo_region_create_rectangle () at /usr/lib64/libcairo.so.2
#2  0x00007ffff76edca6 in gdk_window_invalidate_rect () at /usr/lib64/libgdk-3.so.0
#3  0x00007ffff6acc049 in ??? () at /usr/lib64/libgtk-3.so.0
#4  0x00007ffff6b30723 in ??? () at /usr/lib64/libgtk-3.so.0
#5  0x00007ffff7305be1 in g_closure_invoke () at /usr/lib64/libgobject-2.0.so.0
#6  0x00007ffff7320825 in ??? () at /usr/lib64/libgobject-2.0.so.0
#7  0x00007ffff73232ff in ??? () at /usr/lib64/libgobject-2.0.so.0
#8  0x00007ffff732cd88 in g_signal_emit_valist () at /usr/lib64/libgobject-2.0.so.0
#9  0x00007ffff732ce4b in g_signal_emit () at /usr/lib64/libgobject-2.0.so.0
#10 0x00007ffff6e080b3 in gtk_widget_map () at /usr/lib64/libgtk-3.so.0
#11 0x00007ffff6b30723 in ??? () at /usr/lib64/libgtk-3.so.0
#12 0x00007ffff6c69802 in ??? () at /usr/lib64/libgtk-3.so.0
#13 0x00007ffff7305cc3 in g_closure_invoke () at /usr/lib64/libgobject-2.0.so.0
#14 0x00007ffff7320825 in ??? () at /usr/lib64/libgobject-2.0.so.0
#15 0x00007ffff73232ff in ??? () at /usr/lib64/libgobject-2.0.so.0
#16 0x00007ffff732cd88 in g_signal_emit_valist () at /usr/lib64/libgobject-2.0.so.0
#17 0x00007ffff732ce4b in g_signal_emit () at /usr/lib64/libgobject-2.0.so.0
#18 0x00007ffff6e080b3 in gtk_widget_map () at /usr/lib64/libgtk-3.so.0
#19 0x00007ffff6e0c62a in gtk_widget_set_parent () at /usr/lib64/libgtk-3.so.0
(More stack frames follow...)
(gdb) frame 1
#1  0x00007ffff5873031 in cairo_region_create_rectangle () from /usr/lib64/libcairo.so.2
(gdb) info registers
rax            0x0                 0
rbx            0x555555e96610      93825001940496
rcx            0x0                 0
rdx            0x0                 0
rsi            0x0                 0
rdi            0x555555e96618      93825001940504
rbp            0x55555603b584      0x55555603b584
rsp            0x7fffffffb150      0x7fffffffb150
r8             0x0                 0
r9             0x5555559d37e0      93824996947936
r10            0xaaaaaaaaaaaaaaab  -6148914691236517205
r11            0x0                 0
r12            0x7ffff6b2a700      140737332291328
r13            0x0                 0
r14            0x0                 0
r15            0x7ffff73042d0      140737340523216
rip            0x7ffff5873031      0x7ffff5873031 <cairo_region_create_rectangle+65>
eflags         0x202               [ IF ]
cs             0x33                51
ss             0x2b                43
ds             0x0                 0
es             0x0                 0
fs             0x0                 0
gs             0x0                 0
pl3_ssp        <unavailable>
fs_base        0x7ffff469fa40      140737293974080
gs_base        0x0                 0
(gdb) x/12i $pc-24
   0x7ffff5873019 <cairo_region_create_rectangle+41>:	xchg   %eax,(%rbx)
   0x7ffff587301b <cairo_region_create_rectangle+43>:	mov    0x8(%rbp),%ecx
   0x7ffff587301e <cairo_region_create_rectangle+46>:	mov    0x4(%rbp),%edx
   0x7ffff5873021 <cairo_region_create_rectangle+49>:	mov    0x0(%rbp),%esi
   0x7ffff5873024 <cairo_region_create_rectangle+52>:	mov    0xc(%rbp),%r8d
   0x7ffff5873028 <cairo_region_create_rectangle+56>:	lea    0x8(%rbx),%rdi
   0x7ffff587302c <cairo_region_create_rectangle+60>:	call   0x7ffff57faec0 <pixma  n_region32_init_rect@plt>
=> 0x7ffff5873031 <cairo_region_create_rectangle+65>:	add    $0x8,%rsp
   0x7ffff5873035 <cairo_region_create_rectangle+69>:	mov    %rbx,%rax
   0x7ffff5873038 <cairo_region_create_rectangle+72>:	pop    %rbx
   0x7ffff5873039 <cairo_region_create_rectangle+73>:	pop    %rbp
   0x7ffff587303a <cairo_region_create_rectangle+74>:	ret
(gdb) frame 0
#0  0x00007ffff4b2b8f0 in pixman_region32_init_rect () from /usr/lib64/libpixman-1.so.0
(gdb)
```

**Comment by time-slayer** [comment]
fixed by #5315
